{"name": "test_attrsave", "status": "failed", "statusDetails": {"message": "AssertionError: assert 404 == 200\n +  where 404 = <Response [404]>.status_code", "trace": "attrsave_url = 'http://localhost:8001/product/attr/save'\n\n    def test_attrsave(attrsave_url):\n        r = requests.post(attrsave_url,params={\n            \"attrGroupId\": \"0\",\n            \"attrName\": 'string',\n            \"attrType\": \"0\",\n            \"catelogId\": \"0,\",\n            \"enable\": \"0\",\n            \"icon\": 'string',\n            \"searchType\": \"0\",\n            \"showDesc\": \"0\",\n            \"valueSelect\": 'string',\n            \"valueType\": \"0\"\n        })\n    \n>       assert r.status_code == 200\nE       assert 404 == 200\nE        +  where 404 = <Response [404]>.status_code\n\ntest_attrsave.py:28: AssertionError"}, "start": 1709823157009, "stop": 1709823159037, "uuid": "c847ffff-028d-4252-9900-ab1fcda8486a", "historyId": "f87cac579b03761dafcdb4b5c4e0ee86", "testCaseId": "f87cac579b03761dafcdb4b5c4e0ee86", "fullName": "testcases.test_attrsave#test_attrsave", "labels": [{"name": "parentSuite", "value": "testcases"}, {"name": "suite", "value": "test_attrsave"}, {"name": "host", "value": "Liangzaixian"}, {"name": "thread", "value": "12492-MainThread"}, {"name": "framework", "value": "pytest"}, {"name": "language", "value": "cpython3"}, {"name": "package", "value": "testcases.test_attrsave"}]}