{"name": "test_attrsave", "status": "failed", "statusDetails": {"message": "AssertionError: assert 404 == 200\n +  where 404 = <Response [404]>.status_code", "trace": "attrsave_url = 'http://localhost:8001/product/attr/save'\n\n    def test_attrsave(attrsave_url):\n        with allure.step(\"发起请求\"):\n            r = requests.post(attrsave_url,params={\n            \"attrGroupId\": \"0\",\n            \"attrName\": 'string',\n            \"attrType\": \"0\",\n            \"catelogId\": \"0,\",\n            \"enable\": \"0\",\n            \"icon\": 'string',\n            \"searchType\": \"0\",\n            \"showDesc\": \"0\",\n            \"valueSelect\": 'string',\n            \"valueType\": \"0\"\n            })\n        with allure.step(\"检查响应状态码\"):\n>           assert r.status_code == 200\nE           assert 404 == 200\nE            +  where 404 = <Response [404]>.status_code\n\ntest_attrsave.py:30: AssertionError"}, "steps": [{"name": "发起请求", "status": "passed", "start": 1709825605025, "stop": 1709825607063}, {"name": "检查响应状态码", "status": "failed", "statusDetails": {"message": "AssertionError: assert 404 == 200\n +  where 404 = <Response [404]>.status_code\n", "trace": "  File \"D:\\chillptxx\\testcases\\test_attrsave.py\", line 30, in test_attrsave\n    assert r.status_code == 200\n"}, "start": 1709825607063, "stop": 1709825607063}], "start": 1709825605025, "stop": 1709825607064, "uuid": "31f78087-4015-43ac-a34f-28e448fb1d15", "historyId": "f87cac579b03761dafcdb4b5c4e0ee86", "testCaseId": "f87cac579b03761dafcdb4b5c4e0ee86", "fullName": "testcases.test_attrsave#test_attrsave", "labels": [{"name": "parentSuite", "value": "testcases"}, {"name": "suite", "value": "test_attrsave"}, {"name": "host", "value": "Liangzaixian"}, {"name": "thread", "value": "22868-MainThread"}, {"name": "framework", "value": "pytest"}, {"name": "language", "value": "cpython3"}, {"name": "package", "value": "testcases.test_attrsave"}]}